<?xml version="1.0" encoding="UTF-8"?>
<!-- Generated by org.testng.reporters.JUnitReportReporter -->
<testsuite hostname="DESKTOP-2M7CDOR" failures="0" tests="1" name="com.qa.test.TestClass" time="0.007" errors="0" timestamp="2021-01-25T21:28:08 CST" skipped="0">
  <testcase classname="com.qa.test.TestClass" name="test1" time="0.007"/>
  <system-out/>
</testsuite> <!-- com.qa.test.TestClass -->
